<?xml version="1.0" encoding="utf-8"?><testsuites name="pytest tests"><testsuite name="pytest" errors="0" failures="1" skipped="0" tests="15" time="90.217" timestamp="2026-05-05T11:48:30.690398+00:00" hostname="agent-env-15115ebf-4ea9-4e86-aaa7-890459bd7bb2"><testcase classname="tests.test_playsharp_v14_refactor.TestMeta" name="test_root" time="60.237" /><testcase classname="tests.test_playsharp_v14_refactor.TestMeta" name="test_clubs_unique_canonical" time="0.066" /><testcase classname="tests.test_playsharp_v14_refactor.TestScoreCanonical" name="test_lowercase_new_club_canonicalised_and_marked_new" time="3.257"><failure message="AssertionError: assert False&#10; +  where False = &lt;built-in method endswith of str object at 0xfbf27460d020&gt;('FC')&#10; +    where &lt;built-in method endswith of str object at 0xfbf27460d020&gt; = 'New Test FC 3923f0'.endswith">tests/test_playsharp_v14_refactor.py:70: in test_lowercase_new_club_canonicalised_and_marked_new
    assert data["club"].endswith("FC")
E   AssertionError: assert False
E    +  where False = &lt;built-in method endswith of str object at 0xfbf27460d020&gt;('FC')
E    +    where &lt;built-in method endswith of str object at 0xfbf27460d020&gt; = 'New Test FC 3923f0'.endswith</failure></testcase><testcase classname="tests.test_playsharp_v14_refactor.TestScoreCanonical" name="test_same_club_lowercase_again_not_new" time="6.510" /><testcase classname="tests.test_playsharp_v14_refactor.TestDecisionLeaderboard" name="test_decision_post_appears_in_leaderboard" time="3.335" /><testcase classname="tests.test_playsharp_v14_refactor.TestDecisionLeaderboard" name="test_decision_sorted_desc" time="0.061" /><testcase classname="tests.test_playsharp_v14_refactor.TestLeaderboardSeed" name="test_reaction_sorted_asc_min_15" time="0.059" /><testcase classname="tests.test_playsharp_v14_refactor.TestLeaderboardSeed" name="test_filter_elite_academy" time="0.098" /><testcase classname="tests.test_playsharp_v14_refactor.TestLeaderboardSeed" name="test_period_weekly_within_7_days" time="0.054" /><testcase classname="tests.test_playsharp_v14_refactor.TestLeaderboardSeed" name="test_unknown_game_type_returns_400" time="0.054" /><testcase classname="tests.test_playsharp_v14_refactor.TestContact" name="test_post_get_contact" time="3.309" /><testcase classname="tests.test_playsharp_v14_refactor.TestClubClaim" name="test_post_get_club_claim_canonical" time="3.310" /><testcase classname="tests.test_playsharp_v14_refactor.TestValidation" name="test_score_too_high" time="3.253" /><testcase classname="tests.test_playsharp_v14_refactor.TestValidation" name="test_score_age_too_low" time="3.251" /><testcase classname="tests.test_playsharp_v14_refactor.TestValidation" name="test_score_missing_club" time="3.253" /></testsuite></testsuites>