<?xml version="1.0" encoding="utf-8"?><testsuites name="pytest tests"><testsuite name="pytest" errors="0" failures="0" skipped="0" tests="22" time="1.547" timestamp="2026-05-03T14:31:05.361488+00:00" hostname="agent-env-15115ebf-4ea9-4e86-aaa7-890459bd7bb2"><testcase classname="backend.tests.test_playsharp_api.TestRoot" name="test_root_info" time="0.233" /><testcase classname="backend.tests.test_playsharp_api.TestRoot" name="test_clubs_includes_seeded" time="0.046" /><testcase classname="backend.tests.test_playsharp_api.TestContact" name="test_contact_create_valid" time="0.057" /><testcase classname="backend.tests.test_playsharp_api.TestContact" name="test_contact_invalid_email_returns_422" time="0.043" /><testcase classname="backend.tests.test_playsharp_api.TestContact" name="test_contact_persisted_in_list" time="0.091" /><testcase classname="backend.tests.test_playsharp_api.TestScoreV11" name="test_score_accepts_arbitrary_club" time="0.054" /><testcase classname="backend.tests.test_playsharp_api.TestScoreV11" name="test_score_accepts_club_with_apostrophe" time="0.047" /><testcase classname="backend.tests.test_playsharp_api.TestScoreV11" name="test_score_empty_club_returns_400" time="0.042" /><testcase classname="backend.tests.test_playsharp_api.TestScoreV11" name="test_score_whitespace_club_returns_400" time="0.044" /><testcase classname="backend.tests.test_playsharp_api.TestScoreV11" name="test_score_with_valid_age_stored" time="0.091" /><testcase classname="backend.tests.test_playsharp_api.TestScoreV11" name="test_score_without_age_still_works" time="0.043" /><testcase classname="backend.tests.test_playsharp_api.TestScoreV11" name="test_score_age_too_low_returns_422" time="0.043" /><testcase classname="backend.tests.test_playsharp_api.TestScoreV11" name="test_score_age_too_high_returns_422" time="0.044" /><testcase classname="backend.tests.test_playsharp_api.TestScoreV11" name="test_score_unknown_game_type_422" time="0.041" /><testcase classname="backend.tests.test_playsharp_api.TestScoreV11" name="test_new_club_appears_in_clubs_list" time="0.087" /><testcase classname="backend.tests.test_playsharp_api.TestLeaderboard" name="test_reaction_sorted_ascending" time="0.045" /><testcase classname="backend.tests.test_playsharp_api.TestLeaderboard" name="test_decision_sorted_descending" time="0.044" /><testcase classname="backend.tests.test_playsharp_api.TestLeaderboard" name="test_leaderboard_seeded_club_filter" time="0.046" /><testcase classname="backend.tests.test_playsharp_api.TestLeaderboard" name="test_leaderboard_arbitrary_club_filter" time="0.086" /><testcase classname="backend.tests.test_playsharp_api.TestLeaderboard" name="test_leaderboard_weekly_period" time="0.045" /><testcase classname="backend.tests.test_playsharp_api.TestLeaderboard" name="test_leaderboard_unknown_game_type" time="0.042" /><testcase classname="backend.tests.test_playsharp_api.TestLeaderboard" name="test_seed_data_present" time="0.093" /></testsuite></testsuites>