<?xml version="1.0" encoding="utf-8"?><testsuites name="pytest tests"><testsuite name="pytest" errors="0" failures="3" skipped="0" tests="15" time="2.392" timestamp="2026-05-05T08:28:35.522879+00:00" hostname="agent-env-15115ebf-4ea9-4e86-aaa7-890459bd7bb2"><testcase classname="backend.tests.test_playsharp_v13.TestCanonicalClub" name="test_lowercase_seeded_club_returns_canonical_and_not_new" time="0.204" /><testcase classname="backend.tests.test_playsharp_v13.TestCanonicalClub" name="test_age_code_uppercased" time="0.048" /><testcase classname="backend.tests.test_playsharp_v13.TestCanonicalClub" name="test_u18_without_hyphen" time="0.043" /><testcase classname="backend.tests.test_playsharp_v13.TestIsNewClub" name="test_brand_new_club_returns_is_new_true" time="0.047" /><testcase classname="backend.tests.test_playsharp_v13.TestIsNewClub" name="test_same_club_different_case_returns_is_new_false" time="0.045" /><testcase classname="backend.tests.test_playsharp_v13.TestClubClaim" name="test_create_valid_claim" time="0.055"><failure message="AssertionError: assert 'Test Claim Club 7c447f FC' == 'TEST Claim Club 7c447f FC'&#10;  &#10;  - TEST Claim Club 7c447f FC&#10;  ?  ^^^&#10;  + Test Claim Club 7c447f FC&#10;  ?  ^^^">backend/tests/test_playsharp_v13.py:95: in test_create_valid_claim
    assert d["club"] == payload["club"]  # already canonical
    ^^^^^^^^^^^^^^^^^^^^^^^^^^^^^^^^^^^
E   AssertionError: assert 'Test Claim Club 7c447f FC' == 'TEST Claim Club 7c447f FC'
E     
E     - TEST Claim Club 7c447f FC
E     ?  ^^^
E     + Test Claim Club 7c447f FC
E     ?  ^^^</failure></testcase><testcase classname="backend.tests.test_playsharp_v13.TestClubClaim" name="test_missing_required_field_returns_422" time="0.045" /><testcase classname="backend.tests.test_playsharp_v13.TestClubClaim" name="test_list_claims_no_id_leak" time="0.046" /><testcase classname="backend.tests.test_playsharp_v13.TestLeaderboardCanonical" name="test_lowercase_filter_finds_canonical_records" time="0.044" /><testcase classname="backend.tests.test_playsharp_v13.TestZZRateLimit" name="test_club_claim_rate_limit_5_per_min" time="0.311"><failure message="AssertionError: Expected 429 within 7 requests, got [201, 201, 201, 201, 201, 201, 201]&#10;assert 429 in [201, 201, 201, 201, 201, 201, ...]">backend/tests/test_playsharp_v13.py:143: in test_club_claim_rate_limit_5_per_min
    assert 429 in statuses, f"Expected 429 within 7 requests, got {statuses}"
E   AssertionError: Expected 429 within 7 requests, got [201, 201, 201, 201, 201, 201, 201]
E   assert 429 in [201, 201, 201, 201, 201, 201, ...]</failure></testcase><testcase classname="backend.tests.test_playsharp_v13.TestZZRateLimit" name="test_score_rate_limit_20_per_min" time="1.053"><failure message="AssertionError: Expected 429 in 22 rapid requests, got [201, 201, 201, 201, 201, 201, 201, 201, 201, 201, 201, 201, 201, 201, 201, 201, 201, 201, 201, 201, 201, 201]&#10;assert 429 in [201, 201, 201, 201, 201, 201, ...]">backend/tests/test_playsharp_v13.py:155: in test_score_rate_limit_20_per_min
    assert 429 in statuses, f"Expected 429 in 22 rapid requests, got {statuses}"
E   AssertionError: Expected 429 in 22 rapid requests, got [201, 201, 201, 201, 201, 201, 201, 201, 201, 201, 201, 201, 201, 201, 201, 201, 201, 201, 201, 201, 201, 201]
E   assert 429 in [201, 201, 201, 201, 201, 201, ...]</failure></testcase><testcase classname="backend.tests.test_playsharp_v13.TestRegression" name="test_root" time="0.041" /><testcase classname="backend.tests.test_playsharp_v13.TestRegression" name="test_clubs" time="0.044" /><testcase classname="backend.tests.test_playsharp_v13.TestRegression" name="test_leaderboard_decision" time="0.045" /><testcase classname="backend.tests.test_playsharp_v13.TestRegression" name="test_contact_post" time="0.048" /></testsuite></testsuites>